0 info it worked if it ends with ok
1 verbose cli [ 'c:\\Program Files\\nodejs\\node.exe',
1 verbose cli   'c:\\Program Files\\nodejs\\node_modules\\npm\\bin\\npm-cli.js',
1 verbose cli   'install',
1 verbose cli   '--save-dev',
1 verbose cli   'gulp' ]
2 info using npm@2.5.1
3 info using node@v0.12.0
4 verbose stack Error: Failed to parse json
4 verbose stack Unexpected end of input
4 verbose stack     at parseError (c:\Program Files\nodejs\node_modules\npm\node_modules\read-package-json\read-json.js:378:25)
4 verbose stack     at parseJson (c:\Program Files\nodejs\node_modules\npm\node_modules\read-package-json\read-json.js:85:51)
4 verbose stack     at c:\Program Files\nodejs\node_modules\npm\node_modules\read-package-json\read-json.js:59:33
4 verbose stack     at evalmachine.<anonymous>:336:14
4 verbose stack     at c:\Program Files\nodejs\node_modules\npm\node_modules\graceful-fs\graceful-fs.js:102:5
4 verbose stack     at FSReqWrap.oncomplete (evalmachine.<anonymous>:99:15)
5 verbose cwd c:\Users\Vildan\Documents\CODE\Svijet Cokolade
6 error Windows_NT 6.3.9600
7 error argv "c:\\Program Files\\nodejs\\node.exe" "c:\\Program Files\\nodejs\\node_modules\\npm\\bin\\npm-cli.js" "install" "--save-dev" "gulp"
8 error node v0.12.0
9 error npm  v2.5.1
10 error file c:\Users\Vildan\Documents\CODE\Svijet Cokolade\package.json
11 error code EJSONPARSE
12 error Failed to parse json
12 error Unexpected end of input
13 error File: c:\Users\Vildan\Documents\CODE\Svijet Cokolade\package.json
14 error Failed to parse package.json data.
14 error package.json must be actual JSON, not just JavaScript.
14 error
14 error This is not a bug in npm.
14 error Tell the package author to fix their package.json file. JSON.parse
15 verbose exit [ 1, true ]
